<?xml version="1.0" encoding="UTF-8"?>
<testng-results skipped="0" failed="0" total="0" passed="0">
  <reporter-output>
  </reporter-output>
  <suite name="com.pphou.Southwest.AppTest" duration-ms="2" started-at="2016-06-02T21:16:19Z" finished-at="2016-06-02T21:16:19Z">
    <groups>
    </groups>
    <test name="Command line test" duration-ms="2" started-at="2016-06-02T21:16:19Z" finished-at="2016-06-02T21:16:19Z">
    </test> <!-- Command line test -->
  </suite> <!-- com.pphou.Southwest.AppTest -->
</testng-results>
