<?xml version="1.0" encoding="UTF-8"?>
<testng-results skipped="0" failed="0" total="1" passed="1">
  <reporter-output>
  </reporter-output>
  <suite name="Default suite" duration-ms="9155" started-at="2016-12-28T23:12:16Z" finished-at="2016-12-28T23:12:25Z">
    <groups>
    </groups>
    <test name="Default test" duration-ms="9155" started-at="2016-12-28T23:12:16Z" finished-at="2016-12-28T23:12:25Z">
      <class name="com.pphou.Southwest.tests.TestFlightsPrices">
        <test-method status="PASS" signature="setUp()[pri:0, instance:com.pphou.Southwest.tests.TestFlightsPrices@7dc7cbad]" name="setUp" is-config="true" duration-ms="3207" started-at="2016-12-28T15:12:16Z" finished-at="2016-12-28T15:12:19Z">
          <reporter-output>
          </reporter-output>
        </test-method> <!-- setUp -->
        <test-method status="PASS" signature="getCheapPrices()[pri:0, instance:com.pphou.Southwest.tests.TestFlightsPrices@7dc7cbad]" name="getCheapPrices" duration-ms="5939" started-at="2016-12-28T15:12:19Z" finished-at="2016-12-28T15:12:25Z">
          <reporter-output>
          </reporter-output>
        </test-method> <!-- getCheapPrices -->
        <test-method status="PASS" signature="tearDown()[pri:0, instance:com.pphou.Southwest.tests.TestFlightsPrices@7dc7cbad]" name="tearDown" is-config="true" duration-ms="0" started-at="2016-12-28T15:12:25Z" finished-at="2016-12-28T15:12:25Z">
          <reporter-output>
          </reporter-output>
        </test-method> <!-- tearDown -->
      </class> <!-- com.pphou.Southwest.tests.TestFlightsPrices -->
    </test> <!-- Default test -->
  </suite> <!-- Default suite -->
</testng-results>
